c:\users\administrator\desktop\qtapplication\qtapplication\x64\debug\vc120.pdb
c:\users\administrator\desktop\qtapplication\qtapplication\x64\debug\tools.obj
c:\users\administrator\desktop\qtapplication\qtapplication\x64\debug\qtapplication.obj
c:\users\administrator\desktop\qtapplication\qtapplication\x64\debug\mycloud.obj
c:\users\administrator\desktop\qtapplication\qtapplication\x64\debug\main.obj
c:\users\administrator\desktop\qtapplication\qtapplication\x64\debug\moc_qtapplication.obj
c:\users\administrator\desktop\qtapplication\qtapplication\x64\debug\qrc_qtapplication.obj
c:\users\administrator\desktop\qtapplication\qtapplication\generatedfiles\qrc_qtapplication.cpp
c:\users\administrator\desktop\qtapplication\qtapplication\generatedfiles\debug\moc_qtapplication.cpp
c:\users\administrator\desktop\qtapplication\qtapplication\generatedfiles\ui_qtapplication.h
c:\users\administrator\desktop\qtapplication\x64\debug\qtapplication.ilk
c:\users\administrator\desktop\qtapplication\x64\debug\qtapplication.exe
c:\users\administrator\desktop\qtapplication\x64\debug\qtapplication.pdb
c:\users\administrator\desktop\qtapplication\qtapplication\x64\debug\resource.res
c:\users\administrator\desktop\qtapplication\qtapplication\x64\debug\qtapplication.tlog\cl.command.1.tlog
c:\users\administrator\desktop\qtapplication\qtapplication\x64\debug\qtapplication.tlog\cl.read.1.tlog
c:\users\administrator\desktop\qtapplication\qtapplication\x64\debug\qtapplication.tlog\cl.write.1.tlog
c:\users\administrator\desktop\qtapplication\qtapplication\x64\debug\qtapplication.tlog\custombuild.command.1.tlog
c:\users\administrator\desktop\qtapplication\qtapplication\x64\debug\qtapplication.tlog\custombuild.read.1.tlog
c:\users\administrator\desktop\qtapplication\qtapplication\x64\debug\qtapplication.tlog\custombuild.write.1.tlog
c:\users\administrator\desktop\qtapplication\qtapplication\x64\debug\qtapplication.tlog\link.command.1.tlog
c:\users\administrator\desktop\qtapplication\qtapplication\x64\debug\qtapplication.tlog\link.read.1.tlog
c:\users\administrator\desktop\qtapplication\qtapplication\x64\debug\qtapplication.tlog\link.write.1.tlog
c:\users\administrator\desktop\qtapplication\qtapplication\x64\debug\qtapplication.tlog\rc.command.1.tlog
c:\users\administrator\desktop\qtapplication\qtapplication\x64\debug\qtapplication.tlog\rc.read.1.tlog
c:\users\administrator\desktop\qtapplication\qtapplication\x64\debug\qtapplication.tlog\rc.write.1.tlog
